{
  "RSpec": {
    "coverage": {
      "/Users/student/Desktop/makers/bookmark_manager/app.rb": {
        "lines": [
          1,
          1,
          null,
          1,
          1,
          1,
          null,
          null,
          1,
          2,
          2,
          null,
          null,
          1,
          null
        ]
      },
      "/Users/student/Desktop/makers/bookmark_manager/lib/bookmark.rb": {
        "lines": [
          1,
          null,
          1,
          null,
          1,
          3,
          3,
          3,
          21,
          null,
          null
        ]
      },
      "/Users/student/Desktop/makers/bookmark_manager/spec/features/viewing_bookmarks_spec.rb": {
        "lines": [
          null,
          null,
          1,
          1,
          1,
          1,
          null,
          null,
          1,
          1,
          1,
          null,
          null,
          1,
          1,
          1,
          1,
          null,
          null
        ]
      },
      "/Users/student/Desktop/makers/bookmark_manager/spec/units/bookmark_spec.rb": {
        "lines": [
          1,
          null,
          1,
          null,
          1,
          1,
          1,
          null,
          1,
          1,
          null,
          null,
          null
        ]
      }
    },
    "timestamp": 1588689346
  }
}
